Base path: C:/Program Files (x86)/Unity/Editor/Data
Pipe name: \\.\pipe\UnityShaderCompiler-2-2492
Cmd: getPlatforms
Cmd: compileSnippet
  api=0 type=0 insize=1162 outsize=365 kw= ok=1
Cmd: compileSnippet
  api=1 type=0 insize=1601 outsize=344 kw=SOFTPARTICLES_ON ok=1
Cmd: compileSnippet
  api=0 type=1 insize=1601 outsize=602 kw=SOFTPARTICLES_ON ok=1
Cmd: compileSnippet
  api=0 type=0 insize=5440 outsize=674 kw=DIRECTIONAL LIGHTMAP_ON DIRLIGHTMAP_ON ok=1
Cmd: compileSnippet
  api=0 type=0 insize=5440 outsize=2073 kw=DIRECTIONAL LIGHTMAP_OFF DIRLIGHTMAP_OFF VERTEXLIGHT_ON ok=1
Cmd: compileSnippet
  api=1 type=1 insize=5440 outsize=366 kw=DIRECTIONAL LIGHTMAP_ON DIRLIGHTMAP_OFF ok=1
Cmd: compileSnippet
  api=0 type=0 insize=3135 outsize=1255 kw=SPOT ok=1
Cmd: compileSnippet
  api=0 type=0 insize=3135 outsize=1218 kw=POINT_COOKIE ok=1
Cmd: compileSnippet
  api=4 type=1 insize=3135 outsize=689 kw=DIRECTIONAL ok=1
Cmd: compileSnippet
  api=4 type=1 insize=3135 outsize=738 kw=POINT_COOKIE ok=1
Cmd: compileSnippet
  api=4 type=0 insize=1005 outsize=1274 kw= ok=1
Cmd: compileSnippet
  api=0 type=0 insize=901 outsize=360 kw= ok=1
Cmd: compileSnippet
  api=0 type=1 insize=1211 outsize=234 kw= ok=1
Cmd: compileSnippet
  api=0 type=1 insize=1028 outsize=219 kw= ok=1
Cmd: compileSnippet
  api=4 type=1 insize=1770 outsize=1290 kw= ok=1
Cmd: compileSnippet
  api=0 type=1 insize=1381 outsize=585 kw= ok=1
Cmd: compileSnippet
  api=8 type=1 insize=2154 outsize=2584 kw= ok=1
Cmd: compileSnippet
  api=4 type=1 insize=1788 outsize=1290 kw= ok=1
Cmd: compileSnippet
  api=4 type=1 insize=1852 outsize=1250 kw= ok=1
Cmd: compileSnippet
  api=0 type=1 insize=924 outsize=193 kw= ok=1
Cmd: compileSnippet
  api=0 type=1 insize=1329 outsize=316 kw= ok=1
Cmd: compileSnippet
  api=4 type=1 insize=1252 outsize=1168 kw= ok=1
Cmd: compileSnippet
  api=0 type=0 insize=1051 outsize=360 kw= ok=1
Cmd: compileSnippet
  api=8 type=0 insize=1917 outsize=2430 kw= ok=1
Unhandled exception: Readfile from pipe failed. GLE=Denna pipe har avslutats.


Quitting shader compiler process
