Base path: C:/Program Files (x86)/Unity/Editor/Data
Pipe name: \\.\pipe\UnityShaderCompiler-6-3564
Cmd: getPlatforms
Cmd: compileSnippet
  api=4 type=1 insize=1162 outsize=1217 kw= ok=1
Cmd: compileSnippet
  api=8 type=0 insize=1601 outsize=1812 kw=SOFTPARTICLES_OFF ok=1
Cmd: compileSnippet
  api=0 type=0 insize=5440 outsize=1406 kw=DIRECTIONAL LIGHTMAP_OFF DIRLIGHTMAP_OFF ok=1
Cmd: compileSnippet
  api=4 type=0 insize=5440 outsize=5442 kw=DIRECTIONAL LIGHTMAP_OFF DIRLIGHTMAP_OFF VERTEXLIGHT_ON ok=1
Cmd: compileSnippet
  api=8 type=1 insize=5440 outsize=2462 kw=DIRECTIONAL LIGHTMAP_ON DIRLIGHTMAP_OFF ok=1
Cmd: compileSnippet
  api=8 type=1 insize=5440 outsize=2462 kw=DIRECTIONAL LIGHTMAP_ON DIRLIGHTMAP_ON ok=1
Cmd: compileSnippet
  api=1 type=0 insize=3135 outsize=782 kw=SPOT ok=1
Cmd: compileSnippet
  api=4 type=0 insize=3135 outsize=3281 kw=POINT_COOKIE ok=1
Cmd: compileSnippet
  api=8 type=0 insize=3135 outsize=4664 kw=DIRECTIONAL_COOKIE ok=1
Cmd: compileSnippet
  api=8 type=1 insize=3135 outsize=959 kw=DIRECTIONAL ok=1
Cmd: compileSnippet
  api=1 type=1 insize=3135 outsize=86 kw=DIRECTIONAL_COOKIE ok=1
Cmd: compileSnippet
  api=8 type=1 insize=3135 outsize=1008 kw=DIRECTIONAL_COOKIE ok=1
Cmd: compileSnippet
  api=4 type=1 insize=1005 outsize=1103 kw= ok=1
Cmd: compileSnippet
  api=4 type=1 insize=901 outsize=754 kw= ok=1
Cmd: compileSnippet
  api=8 type=0 insize=1770 outsize=2430 kw= ok=1
Cmd: compileSnippet
  api=4 type=0 insize=1381 outsize=1388 kw= ok=1
Cmd: compileSnippet
  api=8 type=1 insize=1381 outsize=2600 kw= ok=1
Cmd: compileSnippet
  api=4 type=1 insize=2154 outsize=1632 kw= ok=1
Cmd: compileSnippet
  api=0 type=1 insize=2219 outsize=568 kw= ok=1
Cmd: compileSnippet
  api=0 type=1 insize=1852 outsize=443 kw= ok=1
Cmd: compileSnippet
  api=4 type=1 insize=2137 outsize=1632 kw= ok=1
Cmd: compileSnippet
  api=8 type=1 insize=1252 outsize=1715 kw= ok=1
Cmd: compileSnippet
  api=0 type=0 insize=2284 outsize=862 kw= ok=1
Cmd: compileSnippet
  api=0 type=1 insize=942 outsize=143 kw= ok=1
Unhandled exception: Readfile from pipe failed. GLE=Denna pipe har avslutats.


Quitting shader compiler process
