Base path: C:/Program Files (x86)/Unity/Editor/Data
Pipe name: \\.\pipe\UnityShaderCompiler-3-7324
Cmd: getPlatforms
Cmd: compileSnippet
  api=8 type=0 insize=1162 outsize=1674 kw= ok=1
Cmd: compileSnippet
  api=4 type=0 insize=1601 outsize=1274 kw=SOFTPARTICLES_OFF ok=1
Cmd: compileSnippet
  api=4 type=1 insize=1601 outsize=1177 kw=SOFTPARTICLES_OFF ok=1
Cmd: compileSnippet
  api=8 type=0 insize=5440 outsize=2657 kw=DIRECTIONAL LIGHTMAP_ON DIRLIGHTMAP_OFF ok=1
Cmd: compileSnippet
  api=0 type=1 insize=5440 outsize=514 kw=DIRECTIONAL LIGHTMAP_OFF DIRLIGHTMAP_OFF ok=1
Cmd: compileSnippet
  api=4 type=0 insize=3135 outsize=3281 kw=POINT ok=1
Cmd: compileSnippet
  api=8 type=0 insize=3135 outsize=4794 kw=SPOT ok=1
Cmd: compileSnippet
  api=0 type=1 insize=3135 outsize=142 kw=POINT ok=1
Cmd: compileSnippet
  api=8 type=1 insize=3135 outsize=1008 kw=SPOT ok=1
Cmd: compileSnippet
  api=8 type=0 insize=1005 outsize=1812 kw= ok=1
Cmd: compileSnippet
  api=4 type=0 insize=901 outsize=1193 kw= ok=1
Cmd: compileSnippet
  api=0 type=0 insize=1028 outsize=397 kw= ok=1
Cmd: compileSnippet
  api=0 type=0 insize=1770 outsize=660 kw= ok=1
Cmd: compileSnippet
  api=8 type=1 insize=1770 outsize=2040 kw= ok=1
Cmd: compileSnippet
  api=8 type=0 insize=2154 outsize=2958 kw= ok=1
Cmd: compileSnippet
  api=4 type=0 insize=1788 outsize=1697 kw= ok=1
Cmd: compileSnippet
  api=8 type=1 insize=1788 outsize=2064 kw= ok=1
Cmd: compileSnippet
  api=4 type=1 insize=2219 outsize=1591 kw= ok=1
Cmd: compileSnippet
  api=8 type=0 insize=924 outsize=1690 kw= ok=1
Cmd: compileSnippet
  api=8 type=0 insize=2137 outsize=2958 kw= ok=1
Cmd: compileSnippet
  api=0 type=0 insize=1252 outsize=441 kw= ok=1
Cmd: compileSnippet
  api=4 type=0 insize=1237 outsize=1388 kw= ok=1
Cmd: compileSnippet
  api=4 type=0 insize=2284 outsize=2078 kw= ok=1
Cmd: compileSnippet
  api=0 type=0 insize=1917 outsize=660 kw= ok=1
Unhandled exception: Readfile from pipe failed. GLE=Denna pipe har avslutats.


Quitting shader compiler process
